<?xml version="1.0" encoding="UTF-8"?>
<!-- Generated by org.testng.reporters.JUnitReportReporter -->
<testsuite hostname="L-000723" name="test.Veryfication$Login" tests="1" failures="0" timestamp="5 Aug 2016 14:05:39 GMT" time="10.218" errors="0">
  <testcase name="f" time="10.218" classname="test.Veryfication$Login"/>
</testsuite> <!-- test.Veryfication$Login -->
