<?xml version="1.0" encoding="UTF-8"?>
<!-- Generated by org.testng.reporters.JUnitReportReporter -->
<testsuite hostname="L-000723" name="test.Veryfication" tests="1" failures="0" timestamp="5 Aug 2016 13:46:24 GMT" time="0.008" errors="0">
  <testcase name="f" time="0.008" classname="test.Veryfication"/>
</testsuite> <!-- test.Veryfication -->
